<?xml version="1.0" encoding="UTF-8"?>
<testsuite name="TestCalculator" tests="1" skipped="0" failures="0" errors="0" timestamp="2022-09-23T12:29:58" hostname="LAPTOP-OE0JAP6Q" time="0.03">
  <properties/>
  <testcase name="Summation should work fine" classname="TestCalculator" time="0.03"/>
  <system-out><![CDATA[]]></system-out>
  <system-err><![CDATA[]]></system-err>
</testsuite>
